<?xml version="1.0" encoding="UTF-8"?>
<!-- Generated by org.testng.reporters.JUnitReportReporter -->
<testsuite skipped="0" hostname="QMAC0271.local" name="com.qa.tests.TestApiResponse" tests="1" failures="0" timestamp="2020-06-04T19:53:22 IST" time="9.947" errors="0">
  <testcase name="testApiResponse" time="9.947" classname="com.qa.tests.TestApiResponse"/>
  <system-out/>
</testsuite> <!-- com.qa.tests.TestApiResponse -->
